[2024-10-16T14:52:34.528+0000] {local_task_job_runner.py:123} INFO - ::group::Pre task execution logs
[2024-10-16T14:52:34.539+0000] {taskinstance.py:2612} INFO - Dependencies all met for dep_context=non-requeueable deps ti=<TaskInstance: booking_scraping_dag.create_postgres_table manual__2024-10-16T14:52:33.559122+00:00 [queued]>
[2024-10-16T14:52:34.543+0000] {taskinstance.py:2612} INFO - Dependencies all met for dep_context=requeueable deps ti=<TaskInstance: booking_scraping_dag.create_postgres_table manual__2024-10-16T14:52:33.559122+00:00 [queued]>
[2024-10-16T14:52:34.544+0000] {taskinstance.py:2865} INFO - Starting attempt 1 of 1
[2024-10-16T14:52:34.550+0000] {taskinstance.py:2888} INFO - Executing <Task(PostgresOperator): create_postgres_table> on 2024-10-16 14:52:33.559122+00:00
[2024-10-16T14:52:34.555+0000] {standard_task_runner.py:104} INFO - Running: ['***', 'tasks', 'run', 'booking_scraping_dag', 'create_postgres_table', 'manual__2024-10-16T14:52:33.559122+00:00', '--job-id', '112', '--raw', '--subdir', 'DAGS_FOLDER/booking_dag.py', '--cfg-path', '/tmp/tmp4ae58waw']
[2024-10-16T14:52:34.556+0000] {standard_task_runner.py:105} INFO - Job 112: Subtask create_postgres_table
[2024-10-16T14:52:34.556+0000] {logging_mixin.py:190} WARNING - /home/***/.local/lib/python3.12/site-packages/***/task/task_runner/standard_task_runner.py:70 DeprecationWarning: This process (pid=3669) is multi-threaded, use of fork() may lead to deadlocks in the child.
[2024-10-16T14:52:34.558+0000] {standard_task_runner.py:72} INFO - Started process 3670 to run task
[2024-10-16T14:52:34.582+0000] {task_command.py:467} INFO - Running <TaskInstance: booking_scraping_dag.create_postgres_table manual__2024-10-16T14:52:33.559122+00:00 [running]> on host 9de80d99ce35
[2024-10-16T14:52:34.623+0000] {taskinstance.py:3131} INFO - Exporting env vars: AIRFLOW_CTX_DAG_EMAIL='21120576@student.hcmus.edu.vn' AIRFLOW_CTX_DAG_OWNER='cheep' AIRFLOW_CTX_DAG_ID='booking_scraping_dag' AIRFLOW_CTX_TASK_ID='create_postgres_table' AIRFLOW_CTX_EXECUTION_DATE='2024-10-16T14:52:33.559122+00:00' AIRFLOW_CTX_TRY_NUMBER='1' AIRFLOW_CTX_DAG_RUN_ID='manual__2024-10-16T14:52:33.559122+00:00'
[2024-10-16T14:52:34.624+0000] {logging_mixin.py:190} INFO - Task instance is in running state
[2024-10-16T14:52:34.625+0000] {logging_mixin.py:190} INFO -  Previous state of the Task instance: queued
[2024-10-16T14:52:34.625+0000] {logging_mixin.py:190} INFO - Current task name:create_postgres_table state:running start_date:2024-10-16 14:52:34.540088+00:00
[2024-10-16T14:52:34.625+0000] {logging_mixin.py:190} INFO - Dag name:booking_scraping_dag and current dag run status:running
[2024-10-16T14:52:34.626+0000] {taskinstance.py:731} INFO - ::endgroup::
[2024-10-16T14:52:34.626+0000] {sql.py:266} INFO - Executing: 
            create table if not exists dag_runs123testt(
                dt date,
                dag_id character varying,
                primary key (dt,dag_id)
                )
        
[2024-10-16T14:52:34.631+0000] {base.py:84} INFO - Retrieving connection 'postgres_localhost'
[2024-10-16T14:52:34.636+0000] {base.py:84} INFO - Retrieving connection 'postgres_localhost'
[2024-10-16T14:52:34.642+0000] {sql.py:509} INFO - Running statement: 
            create table if not exists dag_runs123testt(
                dt date,
                dag_id character varying,
                primary key (dt,dag_id)
                )
        , parameters: None
[2024-10-16T14:52:34.652+0000] {taskinstance.py:340} INFO - ::group::Post task execution logs
[2024-10-16T14:52:34.653+0000] {taskinstance.py:352} INFO - Marking task as SUCCESS. dag_id=booking_scraping_dag, task_id=create_postgres_table, run_id=manual__2024-10-16T14:52:33.559122+00:00, execution_date=20241016T145233, start_date=20241016T145234, end_date=20241016T145234
[2024-10-16T14:52:34.657+0000] {logging_mixin.py:190} INFO - Task instance in success state
[2024-10-16T14:52:34.657+0000] {logging_mixin.py:190} INFO -  Previous state of the Task instance: running
[2024-10-16T14:52:34.658+0000] {logging_mixin.py:190} INFO - Dag name:booking_scraping_dag queued_at:2024-10-16 14:52:33.564183+00:00
[2024-10-16T14:52:34.658+0000] {logging_mixin.py:190} INFO - Task hostname:9de80d99ce35 operator:PostgresOperator
[2024-10-16T14:52:34.700+0000] {local_task_job_runner.py:266} INFO - Task exited with return code 0
[2024-10-16T14:52:34.711+0000] {taskinstance.py:3900} INFO - 0 downstream tasks scheduled from follow-on schedule check
[2024-10-16T14:52:34.712+0000] {local_task_job_runner.py:245} INFO - ::endgroup::
