[2024-10-16T14:23:48.002+0000] {local_task_job_runner.py:123} INFO - ::group::Pre task execution logs
[2024-10-16T14:23:48.011+0000] {taskinstance.py:2612} INFO - Dependencies all met for dep_context=non-requeueable deps ti=<TaskInstance: booking_scraping_dag.transform_data manual__2024-10-16T14:23:46.431501+00:00 [queued]>
[2024-10-16T14:23:48.016+0000] {taskinstance.py:2612} INFO - Dependencies all met for dep_context=requeueable deps ti=<TaskInstance: booking_scraping_dag.transform_data manual__2024-10-16T14:23:46.431501+00:00 [queued]>
[2024-10-16T14:23:48.016+0000] {taskinstance.py:2865} INFO - Starting attempt 1 of 1
[2024-10-16T14:23:48.022+0000] {taskinstance.py:2888} INFO - Executing <Task(PythonOperator): transform_data> on 2024-10-16 14:23:46.431501+00:00
[2024-10-16T14:23:48.027+0000] {standard_task_runner.py:104} INFO - Running: ['***', 'tasks', 'run', 'booking_scraping_dag', 'transform_data', 'manual__2024-10-16T14:23:46.431501+00:00', '--job-id', '99', '--raw', '--subdir', 'DAGS_FOLDER/booking_dag.py', '--cfg-path', '/tmp/tmpj_jztr6n']
[2024-10-16T14:23:48.029+0000] {standard_task_runner.py:105} INFO - Job 99: Subtask transform_data
[2024-10-16T14:23:48.029+0000] {logging_mixin.py:190} WARNING - /home/***/.local/lib/python3.12/site-packages/***/task/task_runner/standard_task_runner.py:70 DeprecationWarning: This process (pid=464) is multi-threaded, use of fork() may lead to deadlocks in the child.
[2024-10-16T14:23:48.030+0000] {standard_task_runner.py:72} INFO - Started process 465 to run task
[2024-10-16T14:23:48.055+0000] {task_command.py:467} INFO - Running <TaskInstance: booking_scraping_dag.transform_data manual__2024-10-16T14:23:46.431501+00:00 [running]> on host 434bb415fc5d
[2024-10-16T14:23:48.097+0000] {taskinstance.py:3131} INFO - Exporting env vars: AIRFLOW_CTX_DAG_EMAIL='21120576@student.hcmus.edu.vn' AIRFLOW_CTX_DAG_OWNER='cheep' AIRFLOW_CTX_DAG_ID='booking_scraping_dag' AIRFLOW_CTX_TASK_ID='transform_data' AIRFLOW_CTX_EXECUTION_DATE='2024-10-16T14:23:46.431501+00:00' AIRFLOW_CTX_TRY_NUMBER='1' AIRFLOW_CTX_DAG_RUN_ID='manual__2024-10-16T14:23:46.431501+00:00'
[2024-10-16T14:23:48.098+0000] {logging_mixin.py:190} INFO - Task instance is in running state
[2024-10-16T14:23:48.098+0000] {logging_mixin.py:190} INFO -  Previous state of the Task instance: queued
[2024-10-16T14:23:48.098+0000] {logging_mixin.py:190} INFO - Current task name:transform_data state:running start_date:2024-10-16 14:23:48.011768+00:00
[2024-10-16T14:23:48.098+0000] {logging_mixin.py:190} INFO - Dag name:booking_scraping_dag and current dag run status:running
[2024-10-16T14:23:48.099+0000] {taskinstance.py:731} INFO - ::endgroup::
[2024-10-16T14:23:48.180+0000] {python.py:240} INFO - Done. Returned value was: None
[2024-10-16T14:23:48.185+0000] {taskinstance.py:340} INFO - ::group::Post task execution logs
[2024-10-16T14:23:48.185+0000] {taskinstance.py:352} INFO - Marking task as SUCCESS. dag_id=booking_scraping_dag, task_id=transform_data, run_id=manual__2024-10-16T14:23:46.431501+00:00, execution_date=20241016T142346, start_date=20241016T142348, end_date=20241016T142348
[2024-10-16T14:23:48.190+0000] {logging_mixin.py:190} INFO - Task instance in success state
[2024-10-16T14:23:48.190+0000] {logging_mixin.py:190} INFO -  Previous state of the Task instance: running
[2024-10-16T14:23:48.190+0000] {logging_mixin.py:190} INFO - Dag name:booking_scraping_dag queued_at:2024-10-16 14:23:46.440481+00:00
[2024-10-16T14:23:48.190+0000] {logging_mixin.py:190} INFO - Task hostname:434bb415fc5d operator:PythonOperator
[2024-10-16T14:23:48.217+0000] {local_task_job_runner.py:266} INFO - Task exited with return code 0
[2024-10-16T14:23:48.227+0000] {taskinstance.py:3900} INFO - 0 downstream tasks scheduled from follow-on schedule check
[2024-10-16T14:23:48.228+0000] {local_task_job_runner.py:245} INFO - ::endgroup::
