[2024-10-16T14:26:13.678+0000] {local_task_job_runner.py:123} INFO - ::group::Pre task execution logs
[2024-10-16T14:26:13.687+0000] {taskinstance.py:2612} INFO - Dependencies all met for dep_context=non-requeueable deps ti=<TaskInstance: booking_scraping_dag.fetch_data manual__2024-10-16T14:26:13.085482+00:00 [queued]>
[2024-10-16T14:26:13.692+0000] {taskinstance.py:2612} INFO - Dependencies all met for dep_context=requeueable deps ti=<TaskInstance: booking_scraping_dag.fetch_data manual__2024-10-16T14:26:13.085482+00:00 [queued]>
[2024-10-16T14:26:13.692+0000] {taskinstance.py:2865} INFO - Starting attempt 1 of 1
[2024-10-16T14:26:13.699+0000] {taskinstance.py:2888} INFO - Executing <Task(PythonOperator): fetch_data> on 2024-10-16 14:26:13.085482+00:00
[2024-10-16T14:26:13.704+0000] {standard_task_runner.py:104} INFO - Running: ['***', 'tasks', 'run', 'booking_scraping_dag', 'fetch_data', 'manual__2024-10-16T14:26:13.085482+00:00', '--job-id', '102', '--raw', '--subdir', 'DAGS_FOLDER/booking_dag.py', '--cfg-path', '/tmp/tmpri1zhcoy']
[2024-10-16T14:26:13.706+0000] {standard_task_runner.py:105} INFO - Job 102: Subtask fetch_data
[2024-10-16T14:26:13.705+0000] {logging_mixin.py:190} WARNING - /home/***/.local/lib/python3.12/site-packages/***/task/task_runner/standard_task_runner.py:70 DeprecationWarning: This process (pid=460) is multi-threaded, use of fork() may lead to deadlocks in the child.
[2024-10-16T14:26:13.707+0000] {standard_task_runner.py:72} INFO - Started process 461 to run task
[2024-10-16T14:26:13.733+0000] {task_command.py:467} INFO - Running <TaskInstance: booking_scraping_dag.fetch_data manual__2024-10-16T14:26:13.085482+00:00 [running]> on host 44bf95cba8eb
[2024-10-16T14:26:13.808+0000] {taskinstance.py:3131} INFO - Exporting env vars: AIRFLOW_CTX_DAG_EMAIL='21120576@student.hcmus.edu.vn' AIRFLOW_CTX_DAG_OWNER='cheep' AIRFLOW_CTX_DAG_ID='booking_scraping_dag' AIRFLOW_CTX_TASK_ID='fetch_data' AIRFLOW_CTX_EXECUTION_DATE='2024-10-16T14:26:13.085482+00:00' AIRFLOW_CTX_TRY_NUMBER='1' AIRFLOW_CTX_DAG_RUN_ID='manual__2024-10-16T14:26:13.085482+00:00'
[2024-10-16T14:26:13.810+0000] {logging_mixin.py:190} INFO - Task instance is in running state
[2024-10-16T14:26:13.810+0000] {logging_mixin.py:190} INFO -  Previous state of the Task instance: queued
[2024-10-16T14:26:13.812+0000] {logging_mixin.py:190} INFO - Current task name:fetch_data state:running start_date:2024-10-16 14:26:13.687795+00:00
[2024-10-16T14:26:13.813+0000] {logging_mixin.py:190} INFO - Dag name:booking_scraping_dag and current dag run status:running
[2024-10-16T14:26:13.814+0000] {taskinstance.py:731} INFO - ::endgroup::
[2024-10-16T14:26:13.828+0000] {python.py:240} INFO - Done. Returned value was:             id  ...                                     paymentMethods
0     11438385  ...  ['American Express', 'Visa', 'Mastercard', 'Di...
1      3459416  ...                                           ['Cash']
2      8093507  ...  ['American Express', 'Visa', 'Mastercard', 'Ca...
3      8529634  ...                     ['Visa', 'Mastercard', 'Cash']
4      8874397  ...                                           ['Cash']
...        ...  ...                                                ...
996    5967669  ...                                           ['Cash']
997   11979396  ...                                           ['Cash']
998    9068108  ...  ['American Express', 'Visa', 'Mastercard', 'Di...
999     260591  ...                                           ['Cash']
1000   7017600  ...                     ['Visa', 'Mastercard', 'Cash']

[1001 rows x 16 columns]
[2024-10-16T14:26:13.896+0000] {taskinstance.py:340} INFO - ::group::Post task execution logs
[2024-10-16T14:26:13.897+0000] {taskinstance.py:352} INFO - Marking task as SUCCESS. dag_id=booking_scraping_dag, task_id=fetch_data, run_id=manual__2024-10-16T14:26:13.085482+00:00, execution_date=20241016T142613, start_date=20241016T142613, end_date=20241016T142613
[2024-10-16T14:26:13.901+0000] {logging_mixin.py:190} INFO - Task instance in success state
[2024-10-16T14:26:13.901+0000] {logging_mixin.py:190} INFO -  Previous state of the Task instance: running
[2024-10-16T14:26:13.902+0000] {logging_mixin.py:190} INFO - Dag name:booking_scraping_dag queued_at:2024-10-16 14:26:13.096858+00:00
[2024-10-16T14:26:13.902+0000] {logging_mixin.py:190} INFO - Task hostname:44bf95cba8eb operator:PythonOperator
[2024-10-16T14:26:13.934+0000] {local_task_job_runner.py:266} INFO - Task exited with return code 0
[2024-10-16T14:26:13.947+0000] {taskinstance.py:3900} INFO - 1 downstream tasks scheduled from follow-on schedule check
[2024-10-16T14:26:13.948+0000] {local_task_job_runner.py:245} INFO - ::endgroup::
